# JRE version: Java(TM) SE Runtime Environment (25.0+37) (build 25+37-LTS-3491)
# Java VM: Java HotSpot(TM) 64-Bit Server VM (25+37-LTS-3491, mixed mode, sharing, tiered, compressed oops, compressed class ptrs, g1 gc, windows-amd64)
GC Precious Log:
 CardTable entry size: 512
 Card Set container configuration: InlinePtr #cards 5 size 8 Array Of Cards #cards 10 size 36 Howl #buckets 4 coarsen threshold 1843 Howl Bitmap #cards 512 size 80 coarsen threshold 460 Card regions per heap region 1 cards per card region 2048
 CPUs: 4 total, 4 available
 Memory: 3945M
 Large Page Support: Disabled
 NUMA Support: Disabled
 Compressed Oops: Enabled (32-bit)
 Heap Region Size: 1M
 Heap Min Capacity: 8M
 Heap Initial Capacity: 8M
 Heap Max Capacity: 988M
 Pre-touch: Disabled
 Parallel Workers: 4
 Concurrent Workers: 1
 Concurrent Refinement Workers: 4
 Periodic GC: Disabled
Heap:
 garbage-first heap   total reserved 1011712K, committed 23552K, used 12864K [0x00000000c2400000, 0x0000000100000000)
  region size 1024K, 3 young (3072K), 1 survivors (1024K)
GC Heap Usage History (20 events):
Event: 2.416 {heap Before GC invocations=3 (full 0):
 garbage-first heap   total reserved 1011712K, committed 10240K, used 5437K [0x00000000c2400000, 0x0000000100000000)
  region size 1024K, 3 young (3072K), 1 survivors (1024K)
}
Event: 2.423 {heap After GC invocations=4 (full 0):
 garbage-first heap   total reserved 1011712K, committed 10240K, used 3903K [0x00000000c2400000, 0x0000000100000000)
  region size 1024K, 1 young (1024K), 1 survivors (1024K)
}
Event: 2.611 {heap Before GC invocations=5 (full 0):
 garbage-first heap   total reserved 1011712K, committed 10240K, used 5951K [0x00000000c2400000, 0x0000000100000000)
  region size 1024K, 3 young (3072K), 1 survivors (1024K)
}
Event: 2.621 {heap After GC invocations=6 (full 0):
 garbage-first heap   total reserved 1011712K, committed 10240K, used 4327K [0x00000000c2400000, 0x0000000100000000)
  region size 1024K, 1 young (1024K), 1 survivors (1024K)
}
Event: 2.676 {heap Before GC invocations=6 (full 0):
 garbage-first heap   total reserved 1011712K, committed 10240K, used 6375K [0x00000000c2400000, 0x0000000100000000)
  region size 1024K, 3 young (3072K), 1 survivors (1024K)
}
Event: 2.685 {heap After GC invocations=7 (full 0):
 garbage-first heap   total reserved 1011712K, committed 12288K, used 4720K [0x00000000c2400000, 0x0000000100000000)
  region size 1024K, 1 young (1024K), 1 survivors (1024K)
}
Event: 3.159 {heap Before GC invocations=7 (full 0):
 garbage-first heap   total reserved 1011712K, committed 12288K, used 8816K [0x00000000c2400000, 0x0000000100000000)
  region size 1024K, 5 young (5120K), 1 survivors (1024K)
}
Event: 3.170 {heap After GC invocations=8 (full 0):
 garbage-first heap   total reserved 1011712K, committed 12288K, used 5471K [0x00000000c2400000, 0x0000000100000000)
  region size 1024K, 1 young (1024K), 1 survivors (1024K)
}
Event: 3.239 {heap Before GC invocations=8 (full 0):
 garbage-first heap   total reserved 1011712K, committed 12288K, used 8543K [0x00000000c2400000, 0x0000000100000000)
  region size 1024K, 4 young (4096K), 1 survivors (1024K)
}
Event: 3.247 {heap After GC invocations=9 (full 0):
 garbage-first heap   total reserved 1011712K, committed 12288K, used 6091K [0x00000000c2400000, 0x0000000100000000)
  region size 1024K, 1 young (1024K), 1 survivors (1024K)
}
Event: 3.313 {heap Before GC invocations=9 (full 0):
 garbage-first heap   total reserved 1011712K, committed 12288K, used 9163K [0x00000000c2400000, 0x0000000100000000)
  region size 1024K, 4 young (4096K), 1 survivors (1024K)
}
Event: 3.321 {heap After GC invocations=10 (full 0):
 garbage-first heap   total reserved 1011712K, committed 12288K, used 6624K [0x00000000c2400000, 0x0000000100000000)
  region size 1024K, 1 young (1024K), 1 survivors (1024K)
}
Event: 3.501 {heap Before GC invocations=11 (full 0):
 garbage-first heap   total reserved 1011712K, committed 12288K, used 9696K [0x00000000c2400000, 0x0000000100000000)
  region size 1024K, 4 young (4096K), 1 survivors (1024K)
}
Event: 3.510 {heap After GC invocations=12 (full 0):
 garbage-first heap   total reserved 1011712K, committed 12288K, used 7303K [0x00000000c2400000, 0x0000000100000000)
  region size 1024K, 1 young (1024K), 1 survivors (1024K)
}
Event: 3.539 {heap Before GC invocations=12 (full 0):
 garbage-first heap   total reserved 1011712K, committed 12288K, used 9351K [0x00000000c2400000, 0x0000000100000000)
  region size 1024K, 3 young (3072K), 1 survivors (1024K)
}
Event: 3.553 {heap After GC invocations=13 (full 0):
 garbage-first heap   total reserved 1011712K, committed 23552K, used 7526K [0x00000000c2400000, 0x0000000100000000)
  region size 1024K, 1 young (1024K), 1 survivors (1024K)
}
Event: 3.944 {heap Before GC invocations=13 (full 0):
 garbage-first heap   total reserved 1011712K, committed 23552K, used 16742K [0x00000000c2400000, 0x0000000100000000)
  region size 1024K, 10 young (10240K), 1 survivors (1024K)
}
Event: 3.961 {heap After GC invocations=14 (full 0):
 garbage-first heap   total reserved 1011712K, committed 23552K, used 9474K [0x00000000c2400000, 0x0000000100000000)
  region size 1024K, 2 young (2048K), 2 survivors (2048K)
}
Event: 4.871 {heap Before GC invocations=14 (full 0):
 garbage-first heap   total reserved 1011712K, committed 23552K, used 16642K [0x00000000c2400000, 0x0000000100000000)
  region size 1024K, 9 young (9216K), 2 survivors (2048K)
}
Event: 4.891 {heap After GC invocations=15 (full 0):
 garbage-first heap   total reserved 1011712K, committed 23552K, used 10879K [0x00000000c2400000, 0x0000000100000000)
  region size 1024K, 2 young (2048K), 2 survivors (2048K)
}

